  Tokenizer.cpp
c:\users\rebec\desktop\courses\1_summer 2016\data structures\projects\project_2\project_2a\token.h(35): error C2535: 'int Token::get_operator_precedence(void) const': member function already defined or declared
  c:\users\rebec\desktop\courses\1_summer 2016\data structures\projects\project_2\project_2a\token.h(30): note: see declaration of 'Token::get_operator_precedence'
c:\users\rebec\desktop\courses\1_summer 2016\data structures\projects\project_2\project_2a\tokenizer.cpp(22): warning C4018: '<=': signed/unsigned mismatch
  Token.cpp
c:\users\rebec\desktop\courses\1_summer 2016\data structures\projects\project_2\project_2a\tokenizer.h(25): error C3646: 'next_token': unknown override specifier
c:\users\rebec\desktop\courses\1_summer 2016\data structures\projects\project_2\project_2a\tokenizer.h(25): error C2059: syntax error: '('
c:\users\rebec\desktop\courses\1_summer 2016\data structures\projects\project_2\project_2a\tokenizer.h(25): error C2238: unexpected token(s) preceding ';'
c:\users\rebec\desktop\courses\1_summer 2016\data structures\projects\project_2\project_2a\tokenizer.h(32): error C3646: 'item': unknown override specifier
c:\users\rebec\desktop\courses\1_summer 2016\data structures\projects\project_2\project_2a\tokenizer.h(32): error C4430: missing type specifier - int assumed. Note: C++ does not support default-int
c:\users\rebec\desktop\courses\1_summer 2016\data structures\projects\project_2\project_2a\token.h(35): error C2535: 'int Token::get_operator_precedence(void) const': member function already defined or declared
  c:\users\rebec\desktop\courses\1_summer 2016\data structures\projects\project_2\project_2a\token.h(30): note: see declaration of 'Token::get_operator_precedence'
c:\users\rebec\desktop\courses\1_summer 2016\data structures\projects\project_2\project_2a\token.cpp(16): error C2593: 'operator =' is ambiguous
  c:\program files (x86)\microsoft visual studio 14.0\vc\include\xstring(1032): note: could be 'std::basic_string<char,std::char_traits<char>,std::allocator<char>> &std::basic_string<char,std::char_traits<char>,std::allocator<char>>::operator =(_Elem)'
          with
          [
              _Elem=char
          ]
  c:\program files (x86)\microsoft visual studio 14.0\vc\include\xstring(1027): note: or       'std::basic_string<char,std::char_traits<char>,std::allocator<char>> &std::basic_string<char,std::char_traits<char>,std::allocator<char>>::operator =(const _Elem *)'
          with
          [
              _Elem=char
          ]
  c:\program files (x86)\microsoft visual studio 14.0\vc\include\xstring(1011): note: or       'std::basic_string<char,std::char_traits<char>,std::allocator<char>> &std::basic_string<char,std::char_traits<char>,std::allocator<char>>::operator =(const std::basic_string<char,std::char_traits<char>,std::allocator<char>> &)'
  c:\program files (x86)\microsoft visual studio 14.0\vc\include\xstring(972): note: or       'std::basic_string<char,std::char_traits<char>,std::allocator<char>> &std::basic_string<char,std::char_traits<char>,std::allocator<char>>::operator =(std::initializer_list<_Elem>)'
          with
          [
              _Elem=char
          ]
  c:\program files (x86)\microsoft visual studio 14.0\vc\include\xstring(914): note: or       'std::basic_string<char,std::char_traits<char>,std::allocator<char>> &std::basic_string<char,std::char_traits<char>,std::allocator<char>>::operator =(std::basic_string<char,std::char_traits<char>,std::allocator<char>> &&) noexcept(<expr>)'
  c:\users\rebec\desktop\courses\1_summer 2016\data structures\projects\project_2\project_2a\token.cpp(16): note: while trying to match the argument list '(std::string, int)'
c:\users\rebec\desktop\courses\1_summer 2016\data structures\projects\project_2\project_2a\token.cpp(41): error C2084: function 'int Token::get_operator_precedence(void) const' already has a body
  c:\users\rebec\desktop\courses\1_summer 2016\data structures\projects\project_2\project_2a\token.cpp(31): note: see previous definition of 'get_operator_precedence'
  Evaluator.cpp
c:\users\rebec\desktop\courses\1_summer 2016\data structures\projects\project_2\project_2a\tokenizer.h(25): error C3646: 'next_token': unknown override specifier
c:\users\rebec\desktop\courses\1_summer 2016\data structures\projects\project_2\project_2a\tokenizer.h(25): error C2059: syntax error: '('
c:\users\rebec\desktop\courses\1_summer 2016\data structures\projects\project_2\project_2a\tokenizer.h(25): error C2238: unexpected token(s) preceding ';'
c:\users\rebec\desktop\courses\1_summer 2016\data structures\projects\project_2\project_2a\tokenizer.h(32): error C3646: 'item': unknown override specifier
c:\users\rebec\desktop\courses\1_summer 2016\data structures\projects\project_2\project_2a\tokenizer.h(32): error C4430: missing type specifier - int assumed. Note: C++ does not support default-int
c:\users\rebec\desktop\courses\1_summer 2016\data structures\projects\project_2\project_2a\token.h(35): error C2535: 'int Token::get_operator_precedence(void) const': member function already defined or declared
  c:\users\rebec\desktop\courses\1_summer 2016\data structures\projects\project_2\project_2a\token.h(30): note: see declaration of 'Token::get_operator_precedence'
c:\users\rebec\desktop\courses\1_summer 2016\data structures\projects\project_2\project_2a\evaluator.cpp(60): error C2039: 'next_token': is not a member of 'Tokenizer'
  c:\users\rebec\desktop\courses\1_summer 2016\data structures\projects\project_2\project_2a\tokenizer.h(21): note: see declaration of 'Tokenizer'
c:\users\rebec\desktop\courses\1_summer 2016\data structures\projects\project_2\project_2a\evaluator.cpp(62): error C2039: 'get_str_val': is not a member of 'Token'
  c:\users\rebec\desktop\courses\1_summer 2016\data structures\projects\project_2\project_2a\token.h(22): note: see declaration of 'Token'
c:\users\rebec\desktop\courses\1_summer 2016\data structures\projects\project_2\project_2a\evaluator.cpp(80): error C2039: 'get_str_val': is not a member of 'Token'
  c:\users\rebec\desktop\courses\1_summer 2016\data structures\projects\project_2\project_2a\token.h(22): note: see declaration of 'Token'
c:\users\rebec\desktop\courses\1_summer 2016\data structures\projects\project_2\project_2a\evaluator.cpp(108): error C2039: 'get_str_val': is not a member of 'Token'
  c:\users\rebec\desktop\courses\1_summer 2016\data structures\projects\project_2\project_2a\token.h(22): note: see declaration of 'Token'
c:\users\rebec\desktop\courses\1_summer 2016\data structures\projects\project_2\project_2a\evaluator.cpp(138): error C2039: 'get_str_val': is not a member of 'Token'
  c:\users\rebec\desktop\courses\1_summer 2016\data structures\projects\project_2\project_2a\token.h(22): note: see declaration of 'Token'
  Generating Code...
  Compiling...
  DS_P2Main.cpp
c:\users\rebec\desktop\courses\1_summer 2016\data structures\projects\project_2\project_2a\token.h(35): error C2535: 'int Token::get_operator_precedence(void) const': member function already defined or declared
  c:\users\rebec\desktop\courses\1_summer 2016\data structures\projects\project_2\project_2a\token.h(30): note: see declaration of 'Token::get_operator_precedence'
  Generating Code...
